\BOOKMARK [1][-]{section.1}{Introduction}{}% 1
\BOOKMARK [2][-]{subsection.1.1}{The Pescadero estuary}{section.1}% 2
\BOOKMARK [2][-]{subsection.1.2}{Motivation}{section.1}% 3
\BOOKMARK [1][-]{section.2}{Objectives}{}% 4
\BOOKMARK [2][-]{subsection.2.1}{General objective}{section.2}% 5
\BOOKMARK [2][-]{subsection.2.2}{Specific objectives}{section.2}% 6
\BOOKMARK [1][-]{section.3}{Literature review}{}% 7
\BOOKMARK [2][-]{subsection.3.1}{Bar-built estuaries in the ecosystem and the community}{section.3}% 8
\BOOKMARK [2][-]{subsection.3.2}{How bar-built estuaries are studied in Chile and around the world}{section.3}% 9
\BOOKMARK [2][-]{subsection.3.3}{Hydrodynamics of a stratified waterbody}{section.3}% 10
\BOOKMARK [2][-]{subsection.3.4}{Pescadero estuary studies}{section.3}% 11
\BOOKMARK [1][-]{section.4}{Methods}{}% 12
\BOOKMARK [2][-]{subsection.4.1}{Field measurements}{section.4}% 13
\BOOKMARK [2][-]{subsection.4.2}{External data}{section.4}% 14
\BOOKMARK [2][-]{subsection.4.3}{Data processing}{section.4}% 15
\BOOKMARK [3][-]{subsubsection.4.3.1}{Salinity and temperature}{subsection.4.3}% 16
\BOOKMARK [3][-]{subsubsection.4.3.2}{Water velocity}{subsection.4.3}% 17
\BOOKMARK [3][-]{subsubsection.4.3.3}{Wind velocity}{subsection.4.3}% 18
\BOOKMARK [2][-]{subsection.4.4}{Analysis techniques}{section.4}% 19
\BOOKMARK [3][-]{subsubsection.4.4.1}{Stratification}{subsection.4.4}% 20
\BOOKMARK [3][-]{subsubsection.4.4.2}{Wind stress}{subsection.4.4}% 21
\BOOKMARK [3][-]{subsubsection.4.4.3}{Surface fluctuations analysis}{subsection.4.4}% 22
\BOOKMARK [1][-]{section.5}{Results}{}% 23
\BOOKMARK [2][-]{subsection.5.1}{Conditions observed during the closed state}{section.5}% 24
\BOOKMARK [3][-]{subsubsection.5.1.1}{Wind in the estuary}{subsection.5.1}% 25
\BOOKMARK [3][-]{subsubsection.5.1.2}{Evolution of density structure}{subsection.5.1}% 26
\BOOKMARK [3][-]{subsubsection.5.1.3}{Tidal and waves conditions}{subsection.5.1}% 27
\BOOKMARK [3][-]{subsubsection.5.1.4}{Pescadero creek discharge}{subsection.5.1}% 28
\BOOKMARK [3][-]{subsubsection.5.1.5}{Currents speed and direction}{subsection.5.1}% 29
\BOOKMARK [3][-]{subsubsection.5.1.6}{Surface fluctuations}{subsection.5.1}% 30
\BOOKMARK [2][-]{subsection.5.2}{Hydrodynamic controllers}{section.5}% 31
\BOOKMARK [3][-]{subsubsection.5.2.1}{Stratification controllers}{subsection.5.2}% 32
\BOOKMARK [3][-]{subsubsection.5.2.2}{Surface fluctuations controllers}{subsection.5.2}% 33
\BOOKMARK [2][-]{subsection.5.3}{Wind-driven effects}{section.5}% 34
\BOOKMARK [1][-]{section.6}{Discussion}{}% 35
\BOOKMARK [2][-]{subsection.6.1}{Estuarine structure and morphology}{section.6}% 36
\BOOKMARK [2][-]{subsection.6.2}{Analysis methods}{section.6}% 37
\BOOKMARK [2][-]{subsection.6.3}{Wind stress mixing}{section.6}% 38
\BOOKMARK [2][-]{subsection.6.4}{Wind-driven circulation}{section.6}% 39
\BOOKMARK [2][-]{subsection.6.5}{Freshwater input}{section.6}% 40
\BOOKMARK [2][-]{subsection.6.6}{Wave overtopping}{section.6}% 41
\BOOKMARK [1][-]{section.7}{Conclusion}{}% 42
